<?xml version="1.0" encoding="UTF-8"?>
<!-- Generated by org.testng.reporters.JUnitReportReporter -->
<testsuite hostname="01hw1081625" name="automationFramework.Main_menu" tests="1" failures="0" timestamp="19 Sep 2017 13:17:08 GMT" time="110.694" errors="0">
  <testcase name="main" time="110.694" classname="automationFramework.Main_menu"/>
</testsuite> <!-- automationFramework.Main_menu -->
